<?xml version="1.0" encoding="UTF-8"?>
<!-- Generated by org.testng.reporters.JUnitReportReporter -->
<testsuite hostname="nb-sra" failures="0" tests="2" name="rahulshettyacademy.Tests.ErrorValidations" time="22.161" errors="0" timestamp="2023-02-06T18:30:10 PKT" skipped="0">
  <testcase classname="rahulshettyacademy.Tests.ErrorValidations" name="LoginErrorValidation" time="4.820"/>
  <system-out/>
  <testcase classname="rahulshettyacademy.Tests.ErrorValidations" name="ProductErrorValidation" time="17.341"/>
  <system-out/>
</testsuite> <!-- rahulshettyacademy.Tests.ErrorValidations -->
