<?xml version="1.0" encoding="UTF-8"?>
<!-- Generated by org.testng.reporters.JUnitReportReporter -->
<testsuite hostname="nb-sra" failures="0" tests="4" name="rahulshettyacademy.Tests.StandAloneTest" time="95.670" errors="0" timestamp="2023-02-08T16:36:24 PKT" skipped="0">
  <testcase classname="rahulshettyacademy.Tests.StandAloneTest" name="submitOrder" time="34.770"/>
  <system-out/>
  <testcase classname="rahulshettyacademy.Tests.StandAloneTest" name="submitOrder" time="35.379"/>
  <system-out/>
  <testcase classname="rahulshettyacademy.Tests.StandAloneTest" name="submitOrder" time="21.161"/>
  <system-out/>
  <testcase classname="rahulshettyacademy.Tests.StandAloneTest" name="OrderHistoryTest" time="4.360"/>
  <system-out/>
</testsuite> <!-- rahulshettyacademy.Tests.StandAloneTest -->
