<?xml version="1.0" encoding="UTF-8"?>
<!-- Generated by org.testng.reporters.JUnitReportReporter -->
<testsuite hostname="nb-sra" failures="0" tests="2" name="rahulshettyacademy.Tests.ErrorValidationsTest" time="22.700" errors="0" timestamp="2023-02-08T16:36:24 PKT" skipped="0">
  <testcase classname="rahulshettyacademy.Tests.ErrorValidationsTest" name="ProductErrorValidation" time="18.522"/>
  <system-out/>
  <testcase classname="rahulshettyacademy.Tests.ErrorValidationsTest" name="LoginErrorValidation" time="4.178"/>
  <system-out/>
</testsuite> <!-- rahulshettyacademy.Tests.ErrorValidationsTest -->
