<?xml version="1.0" encoding="UTF-8"?>
<!-- Generated by org.testng.reporters.JUnitReportReporter -->
<testsuite hostname="nb-sra" failures="0" tests="1" name="cucumber.TestNGTestRunner" time="16.680" errors="0" timestamp="2023-02-28T08:42:24 PKT" skipped="0">
  <testcase classname="cucumber.TestNGTestRunner" name="runScenario" time="16.680"/>
  <system-out/>
</testsuite> <!-- cucumber.TestNGTestRunner -->
